<?xml version="1.0" encoding="UTF-8"?>
<!-- Generated by org.testng.reporters.JUnitReportReporter -->
<testsuite hostname="Charan" failures="0" tests="1" name="github.github" time="27.107" errors="0" timestamp="2020-10-07T16:00:30 IST" skipped="0">
  <testcase classname="github.github" name="githubTesting" time="27.107"/>
  <system-out/>
</testsuite> <!-- github.github -->
