<?xml version="1.0" encoding="UTF-8"?>
<!-- Generated by org.testng.reporters.JUnitReportReporter -->
<testsuite hostname="Charan" failures="0" tests="1" name="awsproject.awsproject" time="17.565" errors="0" timestamp="2020-10-18T23:28:48 IST" skipped="0">
  <testcase classname="awsproject.awsproject" name="githubTesting" time="17.565"/>
  <system-out/>
</testsuite> <!-- awsproject.awsproject -->
