<?xml version="1.0" encoding="UTF-8"?>
<!-- Generated by org.testng.reporters.JUnitReportReporter -->
<testsuite hostname="Charan" failures="0" tests="1" name="demoextent.demoextentproject" time="29.070" errors="0" timestamp="2020-10-17T17:55:53 IST" skipped="0">
  <testcase classname="demoextent.demoextentproject" name="githubTesting" time="29.070"/>
  <system-out/>
</testsuite> <!-- demoextent.demoextentproject -->
