<?xml version="1.0" encoding="UTF-8"?>
<!-- Generated by org.testng.reporters.JUnitReportReporter -->
<testsuite hostname="Charan" failures="0" tests="1" name="extentdemo.extentdemo" time="40.890" errors="0" timestamp="2020-10-17T14:26:34 IST" skipped="0">
  <testcase classname="extentdemo.extentdemo" name="githubTesting" time="40.890"/>
  <system-out/>
</testsuite> <!-- extentdemo.extentdemo -->
